# 1/1/15 9:50:15 AM CST
# Eclipse Compiler for Java(TM) v20140902-0626, 3.10.0, Copyright IBM Corp 2000, 2013. All rights reserved.
----------
1. WARNING in C:\Users\allan\git\MOJO_Recovery\com.objectforge.mascot.ACPFormEditor\ACPEditor\com\objectforge\mascot\ACPFormEditor\docprovider\ACPEditorInput.java (at line 48)
	public Object getAdapter(Class adapter) {
	                         ^^^^^
Class is a raw type. References to generic type Class<T> should be parameterized
----------
----------
2. WARNING in C:\Users\allan\git\MOJO_Recovery\com.objectforge.mascot.ACPFormEditor\ACPEditor\com\objectforge\mascot\ACPFormEditor\model\xml\ACPxml.java (at line 32)
	listeners = new ArrayList();
	                ^^^^^^^^^
ArrayList is a raw type. References to generic type ArrayList<E> should be parameterized
----------
3. WARNING in C:\Users\allan\git\MOJO_Recovery\com.objectforge.mascot.ACPFormEditor\ACPEditor\com\objectforge\mascot\ACPFormEditor\model\xml\ACPxml.java (at line 71)
	Hashtable attributes = getAttributesFor( tag );
	^^^^^^^^^
Hashtable is a raw type. References to generic type Hashtable<K,V> should be parameterized
----------
4. WARNING in C:\Users\allan\git\MOJO_Recovery\com.objectforge.mascot.ACPFormEditor\ACPEditor\com\objectforge\mascot\ACPFormEditor\model\xml\ACPxml.java (at line 72)
	for( Enumeration i=attributes.keys();i.hasMoreElements(); ){
	     ^^^^^^^^^^^
Enumeration is a raw type. References to generic type Enumeration<E> should be parameterized
----------
----------
5. WARNING in C:\Users\allan\git\MOJO_Recovery\com.objectforge.mascot.ACPFormEditor\ACPEditor\com\objectforge\mascot\ACPFormEditor\pages\ACPDefaultDetails.java (at line 87)
	Hashtable contents = new Hashtable();
	^^^^^^^^^
Hashtable is a raw type. References to generic type Hashtable<K,V> should be parameterized
----------
6. WARNING in C:\Users\allan\git\MOJO_Recovery\com.objectforge.mascot.ACPFormEditor\ACPEditor\com\objectforge\mascot\ACPFormEditor\pages\ACPDefaultDetails.java (at line 87)
	Hashtable contents = new Hashtable();
	                         ^^^^^^^^^
Hashtable is a raw type. References to generic type Hashtable<K,V> should be parameterized
----------
7. WARNING in C:\Users\allan\git\MOJO_Recovery\com.objectforge.mascot.ACPFormEditor\ACPEditor\com\objectforge\mascot\ACPFormEditor\pages\ACPDefaultDetails.java (at line 90)
	Vector enodes = new Vector();
	^^^^^^
Vector is a raw type. References to generic type Vector<E> should be parameterized
----------
8. WARNING in C:\Users\allan\git\MOJO_Recovery\com.objectforge.mascot.ACPFormEditor\ACPEditor\com\objectforge\mascot\ACPFormEditor\pages\ACPDefaultDetails.java (at line 90)
	Vector enodes = new Vector();
	                    ^^^^^^
Vector is a raw type. References to generic type Vector<E> should be parameterized
----------
9. WARNING in C:\Users\allan\git\MOJO_Recovery\com.objectforge.mascot.ACPFormEditor\ACPEditor\com\objectforge\mascot\ACPFormEditor\pages\ACPDefaultDetails.java (at line 240)
	enodes = new Vector();
	             ^^^^^^
Vector is a raw type. References to generic type Vector<E> should be parameterized
----------
10. WARNING in C:\Users\allan\git\MOJO_Recovery\com.objectforge.mascot.ACPFormEditor\ACPEditor\com\objectforge\mascot\ACPFormEditor\pages\ACPDefaultDetails.java (at line 268)
	private Object createEditor( String key, Hashtable attributes, Element node ){
	                                         ^^^^^^^^^
Hashtable is a raw type. References to generic type Hashtable<K,V> should be parameterized
----------
11. WARNING in C:\Users\allan\git\MOJO_Recovery\com.objectforge.mascot.ACPFormEditor\ACPEditor\com\objectforge\mascot\ACPFormEditor\pages\ACPDefaultDetails.java (at line 270)
	Hashtable editorDesc = (Hashtable) entry.contents;
	^^^^^^^^^
Hashtable is a raw type. References to generic type Hashtable<K,V> should be parameterized
----------
12. WARNING in C:\Users\allan\git\MOJO_Recovery\com.objectforge.mascot.ACPFormEditor\ACPEditor\com\objectforge\mascot\ACPFormEditor\pages\ACPDefaultDetails.java (at line 270)
	Hashtable editorDesc = (Hashtable) entry.contents;
	                        ^^^^^^^^^
Hashtable is a raw type. References to generic type Hashtable<K,V> should be parameterized
----------
13. WARNING in C:\Users\allan\git\MOJO_Recovery\com.objectforge.mascot.ACPFormEditor\ACPEditor\com\objectforge\mascot\ACPFormEditor\pages\ACPDefaultDetails.java (at line 280)
	enodes.add(listener);
	^^^^^^^^^^^^^^^^^^^^
Type safety: The method add(Object) belongs to the raw type Vector. References to generic type Vector<E> should be parameterized
----------
14. WARNING in C:\Users\allan\git\MOJO_Recovery\com.objectforge.mascot.ACPFormEditor\ACPEditor\com\objectforge\mascot\ACPFormEditor\pages\ACPDefaultDetails.java (at line 312)
	Hashtable attributes = model.getAttributesFor(tag);
	^^^^^^^^^
Hashtable is a raw type. References to generic type Hashtable<K,V> should be parameterized
----------
15. WARNING in C:\Users\allan\git\MOJO_Recovery\com.objectforge.mascot.ACPFormEditor\ACPEditor\com\objectforge\mascot\ACPFormEditor\pages\ACPDefaultDetails.java (at line 320)
	enodes.add(new Ednode(selected, null, null));
	^^^^^^^^^^^^^^^^^^^^^^^^^^^^^^^^^^^^^^^^^^^^
Type safety: The method add(Object) belongs to the raw type Vector. References to generic type Vector<E> should be parameterized
----------
16. WARNING in C:\Users\allan\git\MOJO_Recovery\com.objectforge.mascot.ACPFormEditor\ACPEditor\com\objectforge\mascot\ACPFormEditor\pages\ACPDefaultDetails.java (at line 333)
	for (Enumeration i = attributes.keys(); i.hasMoreElements();) {
	     ^^^^^^^^^^^
Enumeration is a raw type. References to generic type Enumeration<E> should be parameterized
----------
17. WARNING in C:\Users\allan\git\MOJO_Recovery\com.objectforge.mascot.ACPFormEditor\ACPEditor\com\objectforge\mascot\ACPFormEditor\pages\ACPDefaultDetails.java (at line 349)
	for( Iterator i=enodes.iterator();i.hasNext();)	{
	     ^^^^^^^^
Iterator is a raw type. References to generic type Iterator<E> should be parameterized
----------
18. WARNING in C:\Users\allan\git\MOJO_Recovery\com.objectforge.mascot.ACPFormEditor\ACPEditor\com\objectforge\mascot\ACPFormEditor\pages\ACPDefaultDetails.java (at line 367)
	for( Iterator i=enodes.iterator();i.hasNext();)	{
	     ^^^^^^^^
Iterator is a raw type. References to generic type Iterator<E> should be parameterized
----------
----------
19. WARNING in C:\Users\allan\git\MOJO_Recovery\com.objectforge.mascot.ACPFormEditor\ACPEditor\com\objectforge\mascot\ACPFormEditor\pages\ACPFormUtils.java (at line 108)
	Hashtable nObjects = new Hashtable();
	^^^^^^^^^
Hashtable is a raw type. References to generic type Hashtable<K,V> should be parameterized
----------
20. WARNING in C:\Users\allan\git\MOJO_Recovery\com.objectforge.mascot.ACPFormEditor\ACPEditor\com\objectforge\mascot\ACPFormEditor\pages\ACPFormUtils.java (at line 108)
	Hashtable nObjects = new Hashtable();
	                         ^^^^^^^^^
Hashtable is a raw type. References to generic type Hashtable<K,V> should be parameterized
----------
21. WARNING in C:\Users\allan\git\MOJO_Recovery\com.objectforge.mascot.ACPFormEditor\ACPEditor\com\objectforge\mascot\ACPFormEditor\pages\ACPFormUtils.java (at line 109)
	Hashtable attributes = model.getAttributesFor(((Node) input)
	^^^^^^^^^
Hashtable is a raw type. References to generic type Hashtable<K,V> should be parameterized
----------
22. WARNING in C:\Users\allan\git\MOJO_Recovery\com.objectforge.mascot.ACPFormEditor\ACPEditor\com\objectforge\mascot\ACPFormEditor\pages\ACPFormUtils.java (at line 112)
	for (Enumeration i = attributes.keys(); i.hasMoreElements();) {
	     ^^^^^^^^^^^
Enumeration is a raw type. References to generic type Enumeration<E> should be parameterized
----------
23. WARNING in C:\Users\allan\git\MOJO_Recovery\com.objectforge.mascot.ACPFormEditor\ACPEditor\com\objectforge\mascot\ACPFormEditor\pages\ACPFormUtils.java (at line 114)
	nObjects.put(key, new TableValue(key, null));
	^^^^^^^^^^^^^^^^^^^^^^^^^^^^^^^^^^^^^^^^^^^^
Type safety: The method put(Object, Object) belongs to the raw type Hashtable. References to generic type Hashtable<K,V> should be parameterized
----------
24. WARNING in C:\Users\allan\git\MOJO_Recovery\com.objectforge.mascot.ACPFormEditor\ACPEditor\com\objectforge\mascot\ACPFormEditor\pages\ACPFormUtils.java (at line 268)
	Hashtable tagvalues = (Hashtable) attributes.contents;
	^^^^^^^^^
Hashtable is a raw type. References to generic type Hashtable<K,V> should be parameterized
----------
25. WARNING in C:\Users\allan\git\MOJO_Recovery\com.objectforge.mascot.ACPFormEditor\ACPEditor\com\objectforge\mascot\ACPFormEditor\pages\ACPFormUtils.java (at line 268)
	Hashtable tagvalues = (Hashtable) attributes.contents;
	                       ^^^^^^^^^
Hashtable is a raw type. References to generic type Hashtable<K,V> should be parameterized
----------
----------
26. WARNING in C:\Users\allan\git\MOJO_Recovery\com.objectforge.mascot.ACPFormEditor\ACPEditor\com\objectforge\mascot\ACPFormEditor\pages\ACPInsertionDetails.java (at line 30)
	for (Iterator i = enodes.iterator(); i.hasNext();) {
	     ^^^^^^^^
Iterator is a raw type. References to generic type Iterator<E> should be parameterized
----------
----------
27. WARNING in C:\Users\allan\git\MOJO_Recovery\com.objectforge.mascot.ACPFormEditor\ACPEditor\com\objectforge\mascot\ACPFormEditor\pages\ACPOverview.java (at line 141)
	final Hashtable translate = new Hashtable();
	      ^^^^^^^^^
Hashtable is a raw type. References to generic type Hashtable<K,V> should be parameterized
----------
28. WARNING in C:\Users\allan\git\MOJO_Recovery\com.objectforge.mascot.ACPFormEditor\ACPEditor\com\objectforge\mascot\ACPFormEditor\pages\ACPOverview.java (at line 141)
	final Hashtable translate = new Hashtable();
	                                ^^^^^^^^^
Hashtable is a raw type. References to generic type Hashtable<K,V> should be parameterized
----------
29. WARNING in C:\Users\allan\git\MOJO_Recovery\com.objectforge.mascot.ACPFormEditor\ACPEditor\com\objectforge\mascot\ACPFormEditor\pages\ACPOverview.java (at line 148)
	translate.put(menuItem.getText(), menuEntries[i]);
	^^^^^^^^^^^^^^^^^^^^^^^^^^^^^^^^^^^^^^^^^^^^^^^^^
Type safety: The method put(Object, Object) belongs to the raw type Hashtable. References to generic type Hashtable<K,V> should be parameterized
----------
----------
30. WARNING in C:\Users\allan\git\MOJO_Recovery\com.objectforge.mascot.ACPFormEditor\ACPEditor\com\objectforge\mascot\ACPFormEditor\pages\ACPpage.java (at line 194)
	Arrays.sort( details, new Comparator() {

                            public int compare(Object arg0, Object arg1) {
                                return DetailsNode.compare( arg0,arg1 );
                            }}  );
	^^^^^^^^^^^^^^^^^^^^^^^^^^^^^^^^^^^^^^^^^^^^^^^^^^^^^^^^^^^^^^^^^^^^^^^^^^^^^^^^^^^^^^^^^^^^^^^^^^^^^^^^^^^^^^^^^^^^^^^^^^^^^^^^^^^^^^^^^^^^^^^^^^^^^^^^^^^^^^^^^^^^^^^^^^^^^^^^^^^^^^^^^^^^^^^^^^^^^^^^^^^^^^^^^^^^^^^^^^^^^^^^^^^
Type safety: Unchecked invocation sort(Object[], new Comparator(){}) of the generic method sort(T[], Comparator<? super T>) of type Arrays
----------
31. WARNING in C:\Users\allan\git\MOJO_Recovery\com.objectforge.mascot.ACPFormEditor\ACPEditor\com\objectforge\mascot\ACPFormEditor\pages\ACPpage.java (at line 194)
	Arrays.sort( details, new Comparator() {

                            public int compare(Object arg0, Object arg1) {
                                return DetailsNode.compare( arg0,arg1 );
                            }}  );
	                      ^^^^^^^^^^^^^^^^^^^^^^^^^^^^^^^^^^^^^^^^^^^^^^^^^^^^^^^^^^^^^^^^^^^^^^^^^^^^^^^^^^^^^^^^^^^^^^^^^^^^^^^^^^^^^^^^^^^^^^^^^^^^^^^^^^^^^^^^^^^^^^^^^^^^^^^^^^^^^^^^^^^^^^^^^^^^^^^^^^^^^^^^^^^^^^^^^^^^^^^^^^
Type safety: The expression of type new Comparator(){} needs unchecked conversion to conform to Comparator<? super Object>
----------
32. WARNING in C:\Users\allan\git\MOJO_Recovery\com.objectforge.mascot.ACPFormEditor\ACPEditor\com\objectforge\mascot\ACPFormEditor\pages\ACPpage.java (at line 194)
	Arrays.sort( details, new Comparator() {
	                          ^^^^^^^^^^
Comparator is a raw type. References to generic type Comparator<T> should be parameterized
----------
----------
33. WARNING in C:\Users\allan\git\MOJO_Recovery\com.objectforge.mascot.ACPFormEditor\ACPEditor\com\objectforge\mascot\ACPFormEditor\pages\TreeContentProvider.java (at line 47)
	private Hashtable nodes = new Hashtable();
	        ^^^^^^^^^
Hashtable is a raw type. References to generic type Hashtable<K,V> should be parameterized
----------
34. WARNING in C:\Users\allan\git\MOJO_Recovery\com.objectforge.mascot.ACPFormEditor\ACPEditor\com\objectforge\mascot\ACPFormEditor\pages\TreeContentProvider.java (at line 47)
	private Hashtable nodes = new Hashtable();
	                              ^^^^^^^^^
Hashtable is a raw type. References to generic type Hashtable<K,V> should be parameterized
----------
35. WARNING in C:\Users\allan\git\MOJO_Recovery\com.objectforge.mascot.ACPFormEditor\ACPEditor\com\objectforge\mascot\ACPFormEditor\pages\TreeContentProvider.java (at line 59)
	nodes.put( node, retval );
	^^^^^^^^^^^^^^^^^^^^^^^^^
Type safety: The method put(Object, Object) belongs to the raw type Hashtable. References to generic type Hashtable<K,V> should be parameterized
----------
36. WARNING in C:\Users\allan\git\MOJO_Recovery\com.objectforge.mascot.ACPFormEditor\ACPEditor\com\objectforge\mascot\ACPFormEditor\pages\TreeContentProvider.java (at line 76)
	Vector children = new Vector();
	^^^^^^
Vector is a raw type. References to generic type Vector<E> should be parameterized
----------
37. WARNING in C:\Users\allan\git\MOJO_Recovery\com.objectforge.mascot.ACPFormEditor\ACPEditor\com\objectforge\mascot\ACPFormEditor\pages\TreeContentProvider.java (at line 76)
	Vector children = new Vector();
	                      ^^^^^^
Vector is a raw type. References to generic type Vector<E> should be parameterized
----------
38. WARNING in C:\Users\allan\git\MOJO_Recovery\com.objectforge.mascot.ACPFormEditor\ACPEditor\com\objectforge\mascot\ACPFormEditor\pages\TreeContentProvider.java (at line 80)
	children.add( createDetails((Element) nList.item(i), (DetailsNode) parentElement ));
	^^^^^^^^^^^^^^^^^^^^^^^^^^^^^^^^^^^^^^^^^^^^^^^^^^^^^^^^^^^^^^^^^^^^^^^^^^^^^^^^^^^
Type safety: The method add(Object) belongs to the raw type Vector. References to generic type Vector<E> should be parameterized
----------
39. WARNING in C:\Users\allan\git\MOJO_Recovery\com.objectforge.mascot.ACPFormEditor\ACPEditor\com\objectforge\mascot\ACPFormEditor\pages\TreeContentProvider.java (at line 118)
	Vector retval = new Vector();
	^^^^^^
Vector is a raw type. References to generic type Vector<E> should be parameterized
----------
40. WARNING in C:\Users\allan\git\MOJO_Recovery\com.objectforge.mascot.ACPFormEditor\ACPEditor\com\objectforge\mascot\ACPFormEditor\pages\TreeContentProvider.java (at line 118)
	Vector retval = new Vector();
	                    ^^^^^^
Vector is a raw type. References to generic type Vector<E> should be parameterized
----------
41. WARNING in C:\Users\allan\git\MOJO_Recovery\com.objectforge.mascot.ACPFormEditor\ACPEditor\com\objectforge\mascot\ACPFormEditor\pages\TreeContentProvider.java (at line 120)
	retval.add( createDetails( (Element)includeList.item(i), null ));
	^^^^^^^^^^^^^^^^^^^^^^^^^^^^^^^^^^^^^^^^^^^^^^^^^^^^^^^^^^^^^^^^
Type safety: The method add(Object) belongs to the raw type Vector. References to generic type Vector<E> should be parameterized
----------
42. WARNING in C:\Users\allan\git\MOJO_Recovery\com.objectforge.mascot.ACPFormEditor\ACPEditor\com\objectforge\mascot\ACPFormEditor\pages\TreeContentProvider.java (at line 122)
	retval.add( createDetails( (Element)setList.item(i), null ));
	^^^^^^^^^^^^^^^^^^^^^^^^^^^^^^^^^^^^^^^^^^^^^^^^^^^^^^^^^^^^
Type safety: The method add(Object) belongs to the raw type Vector. References to generic type Vector<E> should be parameterized
----------
43. WARNING in C:\Users\allan\git\MOJO_Recovery\com.objectforge.mascot.ACPFormEditor\ACPEditor\com\objectforge\mascot\ACPFormEditor\pages\TreeContentProvider.java (at line 138)
	nodes = new Hashtable();        
	            ^^^^^^^^^
Hashtable is a raw type. References to generic type Hashtable<K,V> should be parameterized
----------
----------
44. WARNING in C:\Users\allan\git\MOJO_Recovery\com.objectforge.mascot.ACPFormEditor\ACPEditor\com\objectforge\mascot\ACPFormEditor\pages\xml\ColorManager.java (at line 13)
	protected Map fColorTable = new HashMap(10);
	          ^^^
Map is a raw type. References to generic type Map<K,V> should be parameterized
----------
45. WARNING in C:\Users\allan\git\MOJO_Recovery\com.objectforge.mascot.ACPFormEditor\ACPEditor\com\objectforge\mascot\ACPFormEditor\pages\xml\ColorManager.java (at line 13)
	protected Map fColorTable = new HashMap(10);
	                                ^^^^^^^
HashMap is a raw type. References to generic type HashMap<K,V> should be parameterized
----------
46. WARNING in C:\Users\allan\git\MOJO_Recovery\com.objectforge.mascot.ACPFormEditor\ACPEditor\com\objectforge\mascot\ACPFormEditor\pages\xml\ColorManager.java (at line 16)
	Iterator e = fColorTable.values().iterator();
	^^^^^^^^
Iterator is a raw type. References to generic type Iterator<E> should be parameterized
----------
47. WARNING in C:\Users\allan\git\MOJO_Recovery\com.objectforge.mascot.ACPFormEditor\ACPEditor\com\objectforge\mascot\ACPFormEditor\pages\xml\ColorManager.java (at line 24)
	fColorTable.put(rgb, color);
	^^^^^^^^^^^^^^^^^^^^^^^^^^^
Type safety: The method put(Object, Object) belongs to the raw type Map. References to generic type Map<K,V> should be parameterized
----------
----------
48. WARNING in C:\Users\allan\git\MOJO_Recovery\com.objectforge.mascot.ACPFormEditor\ACPEditor\com\swtdesigner\ResourceManager.java (at line 220)
	Class bundleClass = Class.forName("org.osgi.framework.Bundle"); //$NON-NLS-1$
	^^^^^
Class is a raw type. References to generic type Class<T> should be parameterized
----------
49. WARNING in C:\Users\allan\git\MOJO_Recovery\com.objectforge.mascot.ACPFormEditor\ACPEditor\com\swtdesigner\ResourceManager.java (at line 221)
	Class bundleContextClass = Class.forName("org.osgi.framework.BundleContext"); //$NON-NLS-1$
	^^^^^
Class is a raw type. References to generic type Class<T> should be parameterized
----------
50. WARNING in C:\Users\allan\git\MOJO_Recovery\com.objectforge.mascot.ACPFormEditor\ACPEditor\com\swtdesigner\ResourceManager.java (at line 226)
	Class ipathClass = Class.forName("org.eclipse.core.runtime.IPath"); //$NON-NLS-1$
	^^^^^
Class is a raw type. References to generic type Class<T> should be parameterized
----------
51. WARNING in C:\Users\allan\git\MOJO_Recovery\com.objectforge.mascot.ACPFormEditor\ACPEditor\com\swtdesigner\ResourceManager.java (at line 227)
	Class pathClass = Class.forName("org.eclipse.core.runtime.Path"); //$NON-NLS-1$
	^^^^^
Class is a raw type. References to generic type Class<T> should be parameterized
----------
52. WARNING in C:\Users\allan\git\MOJO_Recovery\com.objectforge.mascot.ACPFormEditor\ACPEditor\com\swtdesigner\ResourceManager.java (at line 228)
	Constructor pathConstructor = pathClass.getConstructor(new Class[]{String.class});
	^^^^^^^^^^^
Constructor is a raw type. References to generic type Constructor<T> should be parameterized
----------
53. WARNING in C:\Users\allan\git\MOJO_Recovery\com.objectforge.mascot.ACPFormEditor\ACPEditor\com\swtdesigner\ResourceManager.java (at line 231)
	Class platformClass = Class.forName("org.eclipse.core.runtime.Platform"); //$NON-NLS-1$
	^^^^^
Class is a raw type. References to generic type Class<T> should be parameterized
----------
54. WARNING in C:\Users\allan\git\MOJO_Recovery\com.objectforge.mascot.ACPFormEditor\ACPEditor\com\swtdesigner\ResourceManager.java (at line 240)
	Class pluginClass = Class.forName("org.eclipse.core.runtime.Plugin"); //$NON-NLS-1$
	^^^^^
Class is a raw type. References to generic type Class<T> should be parameterized
----------
55. WARNING in C:\Users\allan\git\MOJO_Recovery\com.objectforge.mascot.ACPFormEditor\ACPEditor\com\swtdesigner\ResourceManager.java (at line 243)
	Class ipathClass = Class.forName("org.eclipse.core.runtime.IPath"); //$NON-NLS-1$
	^^^^^
Class is a raw type. References to generic type Class<T> should be parameterized
----------
56. WARNING in C:\Users\allan\git\MOJO_Recovery\com.objectforge.mascot.ACPFormEditor\ACPEditor\com\swtdesigner\ResourceManager.java (at line 244)
	Class pathClass = Class.forName("org.eclipse.core.runtime.Path"); //$NON-NLS-1$
	^^^^^
Class is a raw type. References to generic type Class<T> should be parameterized
----------
57. WARNING in C:\Users\allan\git\MOJO_Recovery\com.objectforge.mascot.ACPFormEditor\ACPEditor\com\swtdesigner\ResourceManager.java (at line 245)
	Constructor pathConstructor = pathClass.getConstructor(new Class[]{String.class});
	^^^^^^^^^^^
Constructor is a raw type. References to generic type Constructor<T> should be parameterized
----------
----------
58. WARNING in C:\Users\allan\git\MOJO_Recovery\com.objectforge.mascot.ACPFormEditor\ACPEditor\swing2swt\layout\FlowLayout.java (at line 53)
	private Vector currentLine = new Vector();
	        ^^^^^^
Vector is a raw type. References to generic type Vector<E> should be parameterized
----------
59. WARNING in C:\Users\allan\git\MOJO_Recovery\com.objectforge.mascot.ACPFormEditor\ACPEditor\swing2swt\layout\FlowLayout.java (at line 53)
	private Vector currentLine = new Vector();
	                                 ^^^^^^
Vector is a raw type. References to generic type Vector<E> should be parameterized
----------
60. WARNING in C:\Users\allan\git\MOJO_Recovery\com.objectforge.mascot.ACPFormEditor\ACPEditor\swing2swt\layout\FlowLayout.java (at line 123)
	currentLine.add(child);
	^^^^^^^^^^^^^^^^^^^^^^
Type safety: The method add(Object) belongs to the raw type Vector. References to generic type Vector<E> should be parameterized
----------
----------
61. WARNING in C:\Users\allan\git\MOJO_Recovery\MASCOT XML\MASCOT\com\objectforge\mascot\utility\MascotUtilities.java (at line 143)
	Manifest manifest = (new JarInputStream(new FileInputStream(fs))).getManifest();
	                    ^^^^^^^^^^^^^^^^^^^^^^^^^^^^^^^^^^^^^^^^^^^^^
Resource leak: '<unassigned Closeable value>' is never closed
----------
62. WARNING in C:\Users\allan\git\MOJO_Recovery\MASCOT XML\MASCOT\com\objectforge\mascot\utility\MascotUtilities.java (at line 160)
	} else { // Take the claaspath whatever it may be
                    JarCP = System.getProperty("java.class.path");
                }
	       ^^^^^^^^^^^^^^^^^^^^^^^^^^^^^^^^^^^^^^^^^^^^^^^^^^^^^^^^^^^^^^^^^^^^^^^^^^^^^^^^^^^^^^^^^^^^^^^^^^^^^^^^^^^^^^^^^^^^^^^^^^^^^^^
Dead code
----------
63. WARNING in C:\Users\allan\git\MOJO_Recovery\MASCOT XML\MASCOT\com\objectforge\mascot\utility\MascotUtilities.java (at line 223)
	JarFile jar_file = new JarFile(fs, false);
	        ^^^^^^^^
Resource leak: 'jar_file' is never closed
----------
----------
64. WARNING in C:\Users\allan\git\MOJO_Recovery\MASCOT XML\MASCOT\com\objectforge\mascot\xml\ACPModelChangeManager.java (at line 19)
	private Vector listeners;
	        ^^^^^^
Vector is a raw type. References to generic type Vector<E> should be parameterized
----------
65. WARNING in C:\Users\allan\git\MOJO_Recovery\MASCOT XML\MASCOT\com\objectforge\mascot\xml\ACPModelChangeManager.java (at line 23)
	listeners = new Vector();
	                ^^^^^^
Vector is a raw type. References to generic type Vector<E> should be parameterized
----------
66. WARNING in C:\Users\allan\git\MOJO_Recovery\MASCOT XML\MASCOT\com\objectforge\mascot\xml\ACPModelChangeManager.java (at line 31)
	listeners.add( listener );
	^^^^^^^^^^^^^^^^^^^^^^^^^
Type safety: The method add(Object) belongs to the raw type Vector. References to generic type Vector<E> should be parameterized
----------
67. WARNING in C:\Users\allan\git\MOJO_Recovery\MASCOT XML\MASCOT\com\objectforge\mascot\xml\ACPModelChangeManager.java (at line 48)
	for( Iterator it = listeners.iterator(); it.hasNext(); ){
	     ^^^^^^^^
Iterator is a raw type. References to generic type Iterator<E> should be parameterized
----------
----------
68. WARNING in C:\Users\allan\git\MOJO_Recovery\MASCOT XML\MASCOT\com\objectforge\mascot\xml\AbstractMachineXML.java (at line 143)
	protected ArrayList listeners;
	          ^^^^^^^^^
ArrayList is a raw type. References to generic type ArrayList<E> should be parameterized
----------
69. WARNING in C:\Users\allan\git\MOJO_Recovery\MASCOT XML\MASCOT\com\objectforge\mascot\xml\AbstractMachineXML.java (at line 167)
	Hashtable tagtable = new Hashtable();
	^^^^^^^^^
Hashtable is a raw type. References to generic type Hashtable<K,V> should be parameterized
----------
70. WARNING in C:\Users\allan\git\MOJO_Recovery\MASCOT XML\MASCOT\com\objectforge\mascot\xml\AbstractMachineXML.java (at line 167)
	Hashtable tagtable = new Hashtable();
	                         ^^^^^^^^^
Hashtable is a raw type. References to generic type Hashtable<K,V> should be parameterized
----------
71. WARNING in C:\Users\allan\git\MOJO_Recovery\MASCOT XML\MASCOT\com\objectforge\mascot\xml\AbstractMachineXML.java (at line 204)
	Hashtable attribTable = new Hashtable();
	^^^^^^^^^
Hashtable is a raw type. References to generic type Hashtable<K,V> should be parameterized
----------
72. WARNING in C:\Users\allan\git\MOJO_Recovery\MASCOT XML\MASCOT\com\objectforge\mascot\xml\AbstractMachineXML.java (at line 204)
	Hashtable attribTable = new Hashtable();
	                            ^^^^^^^^^
Hashtable is a raw type. References to generic type Hashtable<K,V> should be parameterized
----------
73. WARNING in C:\Users\allan\git\MOJO_Recovery\MASCOT XML\MASCOT\com\objectforge\mascot\xml\AbstractMachineXML.java (at line 205)
	tagtable.put(tagnode.getAttribute("value"), attribTable);
	^^^^^^^^^^^^^^^^^^^^^^^^^^^^^^^^^^^^^^^^^^^^^^^^^^^^^^^^
Type safety: The method put(Object, Object) belongs to the raw type Hashtable. References to generic type Hashtable<K,V> should be parameterized
----------
74. WARNING in C:\Users\allan\git\MOJO_Recovery\MASCOT XML\MASCOT\com\objectforge\mascot\xml\AbstractMachineXML.java (at line 206)
	Hashtable attributes = new Hashtable();
	^^^^^^^^^
Hashtable is a raw type. References to generic type Hashtable<K,V> should be parameterized
----------
75. WARNING in C:\Users\allan\git\MOJO_Recovery\MASCOT XML\MASCOT\com\objectforge\mascot\xml\AbstractMachineXML.java (at line 206)
	Hashtable attributes = new Hashtable();
	                           ^^^^^^^^^
Hashtable is a raw type. References to generic type Hashtable<K,V> should be parameterized
----------
76. WARNING in C:\Users\allan\git\MOJO_Recovery\MASCOT XML\MASCOT\com\objectforge\mascot\xml\AbstractMachineXML.java (at line 207)
	attribTable.put("attributes", attributes);
	^^^^^^^^^^^^^^^^^^^^^^^^^^^^^^^^^^^^^^^^^
Type safety: The method put(Object, Object) belongs to the raw type Hashtable. References to generic type Hashtable<K,V> should be parameterized
----------
77. WARNING in C:\Users\allan\git\MOJO_Recovery\MASCOT XML\MASCOT\com\objectforge\mascot\xml\AbstractMachineXML.java (at line 215)
	Hashtable nodeTable = new Hashtable();
	^^^^^^^^^
Hashtable is a raw type. References to generic type Hashtable<K,V> should be parameterized
----------
78. WARNING in C:\Users\allan\git\MOJO_Recovery\MASCOT XML\MASCOT\com\objectforge\mascot\xml\AbstractMachineXML.java (at line 215)
	Hashtable nodeTable = new Hashtable();
	                          ^^^^^^^^^
Hashtable is a raw type. References to generic type Hashtable<K,V> should be parameterized
----------
79. WARNING in C:\Users\allan\git\MOJO_Recovery\MASCOT XML\MASCOT\com\objectforge\mascot\xml\AbstractMachineXML.java (at line 219)
	attributes.put(node.getNodeValue(), tte);
	^^^^^^^^^^^^^^^^^^^^^^^^^^^^^^^^^^^^^^^^
Type safety: The method put(Object, Object) belongs to the raw type Hashtable. References to generic type Hashtable<K,V> should be parameterized
----------
80. WARNING in C:\Users\allan\git\MOJO_Recovery\MASCOT XML\MASCOT\com\objectforge\mascot\xml\AbstractMachineXML.java (at line 227)
	attribTable.put("allowed-new", allowedTable);
	^^^^^^^^^^^^^^^^^^^^^^^^^^^^^^^^^^^^^^^^^^^^
Type safety: The method put(Object, Object) belongs to the raw type Hashtable. References to generic type Hashtable<K,V> should be parameterized
----------
81. WARNING in C:\Users\allan\git\MOJO_Recovery\MASCOT XML\MASCOT\com\objectforge\mascot\xml\AbstractMachineXML.java (at line 238)
	attribTable.put("display-label",displayText);
	^^^^^^^^^^^^^^^^^^^^^^^^^^^^^^^^^^^^^^^^^^^^
Type safety: The method put(Object, Object) belongs to the raw type Hashtable. References to generic type Hashtable<K,V> should be parameterized
----------
82. WARNING in C:\Users\allan\git\MOJO_Recovery\MASCOT XML\MASCOT\com\objectforge\mascot\xml\AbstractMachineXML.java (at line 253)
	private void addAttribEntries(NamedNodeMap nodes, Hashtable table, Node item) {
	                                                  ^^^^^^^^^
Hashtable is a raw type. References to generic type Hashtable<K,V> should be parameterized
----------
83. WARNING in C:\Users\allan\git\MOJO_Recovery\MASCOT XML\MASCOT\com\objectforge\mascot\xml\AbstractMachineXML.java (at line 257)
	table.put("editor", "text");
	^^^^^^^^^^^^^^^^^^^^^^^^^^^
Type safety: The method put(Object, Object) belongs to the raw type Hashtable. References to generic type Hashtable<K,V> should be parameterized
----------
84. WARNING in C:\Users\allan\git\MOJO_Recovery\MASCOT XML\MASCOT\com\objectforge\mascot\xml\AbstractMachineXML.java (at line 260)
	table.put("editor", editor.getNodeValue());
	^^^^^^^^^^^^^^^^^^^^^^^^^^^^^^^^^^^^^^^^^^
Type safety: The method put(Object, Object) belongs to the raw type Hashtable. References to generic type Hashtable<K,V> should be parameterized
----------
85. WARNING in C:\Users\allan\git\MOJO_Recovery\MASCOT XML\MASCOT\com\objectforge\mascot\xml\AbstractMachineXML.java (at line 271)
	table.put("strings", strings);
	^^^^^^^^^^^^^^^^^^^^^^^^^^^^^
Type safety: The method put(Object, Object) belongs to the raw type Hashtable. References to generic type Hashtable<K,V> should be parameterized
----------
86. WARNING in C:\Users\allan\git\MOJO_Recovery\MASCOT XML\MASCOT\com\objectforge\mascot\xml\AbstractMachineXML.java (at line 279)
	return ((Hashtable) tagtable.get(key1)).get(key2);
	         ^^^^^^^^^
Hashtable is a raw type. References to generic type Hashtable<K,V> should be parameterized
----------
87. WARNING in C:\Users\allan\git\MOJO_Recovery\MASCOT XML\MASCOT\com\objectforge\mascot\xml\AbstractMachineXML.java (at line 289)
	public Hashtable getTagtable() {
	       ^^^^^^^^^
Hashtable is a raw type. References to generic type Hashtable<K,V> should be parameterized
----------
88. WARNING in C:\Users\allan\git\MOJO_Recovery\MASCOT XML\MASCOT\com\objectforge\mascot\xml\AbstractMachineXML.java (at line 409)
	listeners.add(listener);
	^^^^^^^^^^^^^^^^^^^^^^^
Type safety: The method add(Object) belongs to the raw type ArrayList. References to generic type ArrayList<E> should be parameterized
----------
89. WARNING in C:\Users\allan\git\MOJO_Recovery\MASCOT XML\MASCOT\com\objectforge\mascot\xml\AbstractMachineXML.java (at line 424)
	for (Iterator i = listeners.iterator(); i.hasNext();) {
	     ^^^^^^^^
Iterator is a raw type. References to generic type Iterator<E> should be parameterized
----------
90. WARNING in C:\Users\allan\git\MOJO_Recovery\MASCOT XML\MASCOT\com\objectforge\mascot\xml\AbstractMachineXML.java (at line 535)
	public Hashtable getAttributesFor(String key) {
	       ^^^^^^^^^
Hashtable is a raw type. References to generic type Hashtable<K,V> should be parameterized
----------
91. WARNING in C:\Users\allan\git\MOJO_Recovery\MASCOT XML\MASCOT\com\objectforge\mascot\xml\AbstractMachineXML.java (at line 536)
	return (Hashtable) ((Hashtable) getValuesFor(key)).get("attributes");
	        ^^^^^^^^^
Hashtable is a raw type. References to generic type Hashtable<K,V> should be parameterized
----------
92. WARNING in C:\Users\allan\git\MOJO_Recovery\MASCOT XML\MASCOT\com\objectforge\mascot\xml\AbstractMachineXML.java (at line 536)
	return (Hashtable) ((Hashtable) getValuesFor(key)).get("attributes");
	                     ^^^^^^^^^
Hashtable is a raw type. References to generic type Hashtable<K,V> should be parameterized
----------
93. WARNING in C:\Users\allan\git\MOJO_Recovery\MASCOT XML\MASCOT\com\objectforge\mascot\xml\AbstractMachineXML.java (at line 544)
	Hashtable attribs = getAttributesFor(key);
	^^^^^^^^^
Hashtable is a raw type. References to generic type Hashtable<K,V> should be parameterized
----------
94. WARNING in C:\Users\allan\git\MOJO_Recovery\MASCOT XML\MASCOT\com\objectforge\mascot\xml\AbstractMachineXML.java (at line 546)
	for (Enumeration keys = attribs.keys(); keys.hasMoreElements();) {
	     ^^^^^^^^^^^
Enumeration is a raw type. References to generic type Enumeration<E> should be parameterized
----------
94 problems (94 warnings)
